2025-10-05 17:02:15 [restartedMain] INFO  project.demo.DemoApplication - Starting DemoApplication using Java 17.0.12 with PID 8068 (C:\Users\Pallavi\Desktop\all vs code\EventsBackened\demo\target\classes started by Pallavi in C:\Users\Pallavi\Desktop\all vs code\EventsBackened)
2025-10-05 17:02:15 [restartedMain] INFO  project.demo.DemoApplication - No active profile set, falling back to 1 default profile: "default"
2025-10-05 17:02:15 [restartedMain] INFO  o.s.b.d.e.DevToolsPropertyDefaultsPostProcessor - Devtools property defaults active! Set 'spring.devtools.add-properties' to 'false' to disable
2025-10-05 17:02:15 [restartedMain] INFO  o.s.b.d.e.DevToolsPropertyDefaultsPostProcessor - For additional web related logging consider setting the 'logging.level.web' property to 'DEBUG'
2025-10-05 17:02:16 [restartedMain] INFO  o.s.d.r.c.RepositoryConfigurationDelegate - Bootstrapping Spring Data JPA repositories in DEFAULT mode.
2025-10-05 17:02:16 [restartedMain] INFO  o.s.d.r.c.RepositoryConfigurationDelegate - Finished Spring Data repository scanning in 68 ms. Found 5 JPA repository interfaces.
2025-10-05 17:02:17 [restartedMain] INFO  o.s.b.w.e.tomcat.TomcatWebServer - Tomcat initialized with port 8080 (http)
2025-10-05 17:02:17 [restartedMain] INFO  o.a.catalina.core.StandardService - Starting service [Tomcat]
2025-10-05 17:02:17 [restartedMain] INFO  o.a.catalina.core.StandardEngine - Starting Servlet engine: [Apache Tomcat/10.1.30]
2025-10-05 17:02:17 [restartedMain] INFO  o.a.c.c.C.[Tomcat].[localhost].[/] - Initializing Spring embedded WebApplicationContext
2025-10-05 17:02:17 [restartedMain] INFO  o.s.b.w.s.c.ServletWebServerApplicationContext - Root WebApplicationContext: initialization completed in 2207 ms
2025-10-05 17:02:18 [restartedMain] INFO  o.h.jpa.internal.util.LogHelper - HHH000204: Processing PersistenceUnitInfo [name: default]
2025-10-05 17:02:18 [restartedMain] INFO  org.hibernate.Version - HHH000412: Hibernate ORM core version 6.5.3.Final
2025-10-05 17:02:18 [restartedMain] INFO  o.h.c.i.RegionFactoryInitiator - HHH000026: Second-level cache disabled
2025-10-05 17:02:18 [restartedMain] INFO  o.s.o.j.p.SpringPersistenceUnitInfo - No LoadTimeWeaver setup: ignoring JPA class transformer
2025-10-05 17:02:18 [restartedMain] INFO  com.zaxxer.hikari.HikariDataSource - HikariPool-1 - Starting...
2025-10-05 17:02:18 [restartedMain] INFO  com.zaxxer.hikari.pool.HikariPool - HikariPool-1 - Added connection org.postgresql.jdbc.PgConnection@6edc4a6a
2025-10-05 17:02:18 [restartedMain] INFO  com.zaxxer.hikari.HikariDataSource - HikariPool-1 - Start completed.
2025-10-05 17:02:18 [restartedMain] WARN  org.hibernate.orm.deprecation - HHH90000025: PostgreSQLDialect does not need to be specified explicitly using 'hibernate.dialect' (remove the property setting and it will be selected by default)
2025-10-05 17:02:19 [restartedMain] INFO  o.h.e.t.j.p.i.JtaPlatformInitiator - HHH000489: No JTA platform available (set 'hibernate.transaction.jta.platform' to enable JTA platform integration)
2025-10-05 17:02:20 [restartedMain] INFO  o.s.o.j.LocalContainerEntityManagerFactoryBean - Initialized JPA EntityManagerFactory for persistence unit 'default'
2025-10-05 17:02:20 [restartedMain] WARN  o.s.b.a.o.j.JpaBaseConfiguration$JpaWebConfiguration - spring.jpa.open-in-view is enabled by default. Therefore, database queries may be performed during view rendering. Explicitly configure spring.jpa.open-in-view to disable this warning
2025-10-05 17:02:20 [restartedMain] INFO  o.s.b.a.w.s.WelcomePageHandlerMapping - Adding welcome page template: index
2025-10-05 17:02:21 [restartedMain] INFO  o.s.b.d.a.OptionalLiveReloadServer - LiveReload server is running on port 35729
2025-10-05 17:02:21 [restartedMain] INFO  o.s.b.w.e.tomcat.TomcatWebServer - Tomcat started on port 8080 (http) with context path '/'
2025-10-05 17:02:21 [restartedMain] INFO  project.demo.DemoApplication - Started DemoApplication in 6.892 seconds (process running for 7.704)
2025-10-05 17:05:27 [http-nio-8080-exec-1] INFO  o.a.c.c.C.[Tomcat].[localhost].[/] - Initializing Spring DispatcherServlet 'dispatcherServlet'
2025-10-05 17:05:27 [http-nio-8080-exec-1] INFO  o.s.web.servlet.DispatcherServlet - Initializing Servlet 'dispatcherServlet'
2025-10-05 17:05:27 [http-nio-8080-exec-1] INFO  o.s.web.servlet.DispatcherServlet - Completed initialization in 1 ms
2025-10-05 17:05:27 [http-nio-8080-exec-1] INFO  p.d.c.EventScheduleController - Fetching all event schedules...
2025-10-05 17:05:27 [http-nio-8080-exec-1] INFO  p.d.c.EventScheduleController - Found 3 event schedules
2025-10-05 17:05:27 [http-nio-8080-exec-3] INFO  p.d.c.EventScheduleController - Fetching all event schedules...
2025-10-05 17:05:27 [http-nio-8080-exec-3] INFO  p.d.c.EventScheduleController - Found 3 event schedules
2025-10-05 17:06:12 [http-nio-8080-exec-7] INFO  p.d.c.EventScheduleController - Fetching all event schedules...
2025-10-05 17:06:12 [http-nio-8080-exec-7] INFO  p.d.c.EventScheduleController - Found 3 event schedules
2025-10-05 17:06:12 [http-nio-8080-exec-10] INFO  p.d.c.EventScheduleController - Fetching all event schedules...
2025-10-05 17:06:12 [http-nio-8080-exec-10] INFO  p.d.c.EventScheduleController - Found 3 event schedules
2025-10-05 17:06:23 [http-nio-8080-exec-4] INFO  p.d.c.EventScheduleController - Fetching all event schedules...
2025-10-05 17:06:23 [http-nio-8080-exec-4] INFO  p.d.c.EventScheduleController - Found 3 event schedules
2025-10-05 17:07:06 [http-nio-8080-exec-5] INFO  p.d.c.EventScheduleController - Creating a new event schedule: project.demo.entity.EventSchedule@4776a0ac
2025-10-05 17:07:06 [http-nio-8080-exec-5] INFO  p.d.c.EventScheduleController - Event schedule created with event_id: 20
2025-10-05 17:07:08 [http-nio-8080-exec-7] INFO  p.d.c.EventScheduleController - Fetching all event schedules...
2025-10-05 17:07:08 [http-nio-8080-exec-7] INFO  p.d.c.EventScheduleController - Found 4 event schedules
2025-10-05 17:07:15 [http-nio-8080-exec-10] INFO  p.d.c.EventScheduleController - Fetching all event schedules...
2025-10-05 17:07:15 [http-nio-8080-exec-10] INFO  p.d.c.EventScheduleController - Found 4 event schedules
2025-10-05 17:07:26 [http-nio-8080-exec-1] INFO  p.d.c.EventScheduleController - Updating event schedule with event_id: 19
2025-10-05 17:07:26 [http-nio-8080-exec-1] INFO  p.d.c.EventScheduleController - Event schedule updated with event_id: 19
2025-10-05 17:07:36 [http-nio-8080-exec-4] INFO  p.d.c.EventScheduleController - Deleting event schedule with event_id: 18
2025-10-05 17:07:36 [http-nio-8080-exec-4] INFO  p.d.c.EventScheduleController - Event schedule with event_id: 18 deleted
2025-10-05 17:07:38 [http-nio-8080-exec-6] INFO  p.d.c.EventScheduleController - Fetching all event schedules...
2025-10-05 17:07:38 [http-nio-8080-exec-6] INFO  p.d.c.EventScheduleController - Found 3 event schedules
2025-10-05 17:09:45 [http-nio-8080-exec-7] INFO  p.d.c.EventScheduleController - Fetching all event schedules...
2025-10-05 17:09:45 [http-nio-8080-exec-7] INFO  p.d.c.EventScheduleController - Found 3 event schedules
2025-10-05 17:09:45 [http-nio-8080-exec-2] INFO  p.d.c.EventScheduleController - Fetching all event schedules...
2025-10-05 17:09:45 [http-nio-8080-exec-2] INFO  p.d.c.EventScheduleController - Found 3 event schedules
2025-10-05 17:09:46 [http-nio-8080-exec-1] INFO  p.d.c.EventScheduleController - Fetching all event schedules...
2025-10-05 17:09:46 [http-nio-8080-exec-1] INFO  p.d.c.EventScheduleController - Found 3 event schedules
2025-10-05 17:09:46 [http-nio-8080-exec-6] INFO  p.d.c.EventScheduleController - Fetching all event schedules...
2025-10-05 17:09:46 [http-nio-8080-exec-6] INFO  p.d.c.EventScheduleController - Found 3 event schedules
2025-10-05 17:09:46 [http-nio-8080-exec-5] INFO  p.d.c.EventScheduleController - Fetching all event schedules...
2025-10-05 17:09:46 [http-nio-8080-exec-5] INFO  p.d.c.EventScheduleController - Found 3 event schedules
2025-10-05 17:09:46 [http-nio-8080-exec-9] INFO  p.d.c.EventScheduleController - Fetching all event schedules...
2025-10-05 17:09:46 [http-nio-8080-exec-9] INFO  p.d.c.EventScheduleController - Found 3 event schedules
2025-10-05 17:09:46 [http-nio-8080-exec-10] INFO  p.d.c.EventScheduleController - Fetching all event schedules...
2025-10-05 17:09:46 [http-nio-8080-exec-10] INFO  p.d.c.EventScheduleController - Found 3 event schedules
2025-10-05 17:09:46 [http-nio-8080-exec-1] INFO  p.d.c.EventScheduleController - Fetching all event schedules...
2025-10-05 17:09:46 [http-nio-8080-exec-1] INFO  p.d.c.EventScheduleController - Found 3 event schedules
2025-10-05 17:09:55 [http-nio-8080-exec-5] INFO  p.d.c.EventScheduleController - Fetching all event schedules...
2025-10-05 17:09:55 [http-nio-8080-exec-5] INFO  p.d.c.EventScheduleController - Found 3 event schedules
2025-10-05 17:10:00 [http-nio-8080-exec-9] INFO  p.d.c.EventScheduleController - Fetching all event schedules...
2025-10-05 17:10:00 [http-nio-8080-exec-9] INFO  p.d.c.EventScheduleController - Found 3 event schedules
2025-10-05 17:17:53 [http-nio-8080-exec-3] INFO  p.d.c.EventScheduleController - Fetching all event schedules...
2025-10-05 17:17:53 [http-nio-8080-exec-3] INFO  p.d.c.EventScheduleController - Found 3 event schedules
2025-10-05 17:17:54 [http-nio-8080-exec-6] INFO  p.d.c.EventScheduleController - Fetching all event schedules...
2025-10-05 17:17:54 [http-nio-8080-exec-6] INFO  p.d.c.EventScheduleController - Found 3 event schedules
2025-10-05 17:24:03 [http-nio-8080-exec-2] INFO  p.d.c.EventScheduleController - Fetching all event schedules...
2025-10-05 17:24:03 [http-nio-8080-exec-2] INFO  p.d.c.EventScheduleController - Found 3 event schedules
2025-10-05 17:24:03 [http-nio-8080-exec-3] INFO  p.d.c.EventScheduleController - Fetching all event schedules...
2025-10-05 17:24:03 [http-nio-8080-exec-3] INFO  p.d.c.EventScheduleController - Found 3 event schedules
2025-10-05 17:24:17 [http-nio-8080-exec-5] INFO  p.d.c.EventScheduleController - Fetching all event schedules...
2025-10-05 17:24:17 [http-nio-8080-exec-5] INFO  p.d.c.EventScheduleController - Found 3 event schedules
2025-10-05 17:48:01 [http-nio-8080-exec-2] INFO  p.d.c.EventScheduleController - Fetching all event schedules...
2025-10-05 17:48:01 [http-nio-8080-exec-2] INFO  p.d.c.EventScheduleController - Found 3 event schedules
2025-10-05 17:48:01 [http-nio-8080-exec-3] INFO  p.d.c.EventScheduleController - Fetching all event schedules...
2025-10-05 17:48:01 [http-nio-8080-exec-3] INFO  p.d.c.EventScheduleController - Found 3 event schedules
